[main 049e885] Update
 9 files changed, 60 insertions(+)
 create mode 100644 nohup.out
To github.com:RebaseTokens/rebase.git
   9f26164..049e885  main -> main
[main f8b83c2] Update
 11 files changed, 105 insertions(+)
To github.com:RebaseTokens/rebase.git
   049e885..f8b83c2  main -> main
[main 9664059] Update
 1 file changed, 4 insertions(+)
To github.com:RebaseTokens/rebase.git
   f8b83c2..9664059  main -> main
[main bf17eaf] Update
 9 files changed, 45 insertions(+)
To github.com:RebaseTokens/rebase.git
   22ed3a7..bf17eaf  main -> main
On branch main
Your branch is up to date with 'origin/main'.

nothing to commit, working tree clean
Everything up-to-date
On branch main
Your branch is up to date with 'origin/main'.

nothing to commit, working tree clean
Everything up-to-date
On branch main
Your branch is up to date with 'origin/main'.

nothing to commit, working tree clean
Everything up-to-date
